Arguments: 
  /Users/angelokeirsebilck/.nvm/versions/node/v16.13.2/bin/node /Users/angelokeirsebilck/.nvm/versions/node/v16.13.2/bin/yarn

PATH: 
  “/usr/local/opt/php@8.0/bin:/Users/angelokeirsebilck/.nvm/versions/node/v16.13.2/bin:/usr/local/bin:/usr/bin:/bin:/usr/sbin:/sbin:~/.composer/vendor/bin:/Library/Frameworks/Mono.framework/Versions/Current/Commands:/Users/angelokeirsebilck/.composer/vendor/bin”

Yarn version: 
  1.22.17

Node version: 
  16.13.2

Platform: 
  darwin x64

Trace: 
  SyntaxError: /Users/angelokeirsebilck/Sites/ak-craft-ddev/package.json: Unexpected token } in JSON at position 275
      at JSON.parse (<anonymous>)
      at /Users/angelokeirsebilck/.nvm/versions/node/v16.13.2/lib/node_modules/yarn/lib/cli.js:1625:59
      at Generator.next (<anonymous>)
      at step (/Users/angelokeirsebilck/.nvm/versions/node/v16.13.2/lib/node_modules/yarn/lib/cli.js:310:30)
      at /Users/angelokeirsebilck/.nvm/versions/node/v16.13.2/lib/node_modules/yarn/lib/cli.js:321:13

npm manifest: 
  {
    "name": "ak-vite",
    "description": "A config for using Vite in your Craft CMS projects.",
    "author": {
      "email": "info@angelokeirsebilck.be",
      "name": "Angelo Keirsebilck",
      "url": "https://angelokeirsebilck.be"
    },
    "dependencies": {
      "vue": "^3.0.5",
    },
    "devDependencies": {
      "@rollup/plugin-node-resolve": "^13.0.0",
      "@vitejs/plugin-legacy": "^1.3.3",
      "@vitejs/plugin-vue": "^1.2.2",
      "@vue/compiler-sfc": "^3.0.5",
      "autoprefixer": "^10.4.0",
      "postcss": "^8.4.0",
      "rollup-plugin-critical": "^1.0.4",
      "rollup-plugin-visualizer": "^5.0.0",
      "tailwindcss": "^3.0.0",
      "vite": "^2.7.0",
      "vite-plugin-compression": "^0.4.0",
      "vite-plugin-favicon2": "^1.1.3",
      "vite-plugin-manifest-sri": "^0.1.0",
      "vite-plugin-restart": "0.0.2"
    },
    "scripts": {
      "dev": "vite",
      "build": "vite build"
    }
  }

yarn manifest: 
  No manifest

Lockfile: 
  No lockfile
